<?xml version="1.0" encoding="UTF-8"?>
<!-- Generated by org.testng.reporters.JUnitReportReporter -->
<testsuite hostname="DESKTOP-1KMDQFU" failures="0" tests="1" name="test.Scroll" time="3.715" errors="0" timestamp="26 Jul 2023 10:37:00 GMT">
  <testcase classname="test.Scroll" name="test" time="3.715"/>
</testsuite> <!-- test.Scroll -->
